2014-12-28 13:26:22 



















2014-12-28 13:26:22 Securealumnicoin version v0.8.6.2-g55c5572-beta (2014-12-28 14:12:25 +0100)
2014-12-28 13:26:22 Using OpenSSL version OpenSSL 1.0.1f 6 Jan 2014
2014-12-28 13:26:22 Default data directory /root/.securealumnicoin
2014-12-28 13:26:22 Using data directory /root/.securealumnicoin/testnet3
2014-12-28 13:26:22 Using at most 125 connections (1024 file descriptors available)
2014-12-28 13:26:22 Using 4 threads for script verification
2014-12-28 13:26:22 init message: Verifying wallet...
2014-12-28 13:26:22 dbenv.open LogDir=/root/.securealumnicoin/testnet3/database ErrorFile=/root/.securealumnicoin/testnet3/db.log
2014-12-28 13:26:22 Bound to [::]:40329
2014-12-28 13:26:22 Bound to 0.0.0.0:40329
2014-12-28 13:26:22 init message: Loading block index...
2014-12-28 13:26:22 Opening LevelDB in /root/.securealumnicoin/testnet3/blocks/index
2014-12-28 13:26:22 Opened LevelDB successfully
2014-12-28 13:26:22 Opening LevelDB in /root/.securealumnicoin/testnet3/chainstate
2014-12-28 13:26:22 Opened LevelDB successfully
2014-12-28 13:26:22 LoadBlockIndexDB(): last block file = 0
2014-12-28 13:26:22 LoadBlockIndexDB(): synchronized checkpoint not read
2014-12-28 13:26:22 LoadBlockIndexDB(): transaction index disabled
2014-12-28 13:26:22 Initializing databases...
2014-12-28 13:26:22 d8b336a7a9c5cc9219df802c3ccdba46d53dff1ccb1f3f0c9359b0e3397b62ec
2014-12-28 13:26:22 1af3298765ee7cbf6b8d1d9b0f1e67d9cca00c512bf8cca2304e28d6d320f4b3
2014-12-28 13:26:22 3a4ca747d3d3224664a8fc6ca6e6b06686cfcc71e5bc8ca9971118f25ecd6d09
